<?xml version="1.0" encoding="UTF-8"?>
<testsuite xmlns:xsi="http://www.w3.org/2001/XMLSchema-instance" xsi:noNamespaceSchemaLocation="https://maven.apache.org/surefire/maven-surefire-plugin/xsd/surefire-test-report.xsd" version="3.0.2" name="com.pkm.Pokemon.PokemonApplicationTests" time="4.854" tests="1" errors="0" skipped="0" failures="0">
  <properties>
[...]
</properties>
  <testcase name="contextLoads" classname="com.pkm.Pokemon.PokemonApplicationTests" time="0.34">
    <system-out><![CDATA[21:52:19.984 [main] INFO org.springframework.test.context.support.AnnotationConfigContextLoaderUtils -- Could not detect default configuration classes for test class [com.pkm.Pokemon.PokemonApplicationTests]: PokemonApplicationTests does not declare any static, non-private, non-final, nested classes annotated with @Configuration.
21:52:20.097 [main] INFO org.springframework.boot.test.context.SpringBootTestContextBootstrapper -- Found @SpringBootConfiguration com.pkm.Pokemon.PokemonApplication for test class com.pkm.Pokemon.PokemonApplicationTests

  .   ____          _            __ _ _
 /\\ / ___'_ __ _ _(_)_ __  __ _ \ \ \ \
( ( )\___ | '_ | '_| | '_ \/ _` | \ \ \ \
 \\/  ___)| |_)| | | | | || (_| |  ) ) ) )
  '  |____| .__|_| |_|_| |_\__, | / / / /
 =========|_|==============|___/=/_/_/_/

 :: Spring Boot ::                (v3.4.4)

2025-06-07T21:52:20.447-04:00  INFO 23920 --- [           main] c.pkm.Pokemon.PokemonApplicationTests    : Starting PokemonApplicationTests using Java 24.0.1 with PID 23920 (started by Patrik in C:\Users\Patrik\Documents\THIRD TRY\Backend)
2025-06-07T21:52:20.448-04:00  INFO 23920 --- [           main] c.pkm.Pokemon.PokemonApplicationTests    : No active profile set, falling back to 1 default profile: "default"
2025-06-07T21:52:20.915-04:00  INFO 23920 --- [           main] .s.d.r.c.RepositoryConfigurationDelegate : Bootstrapping Spring Data JPA repositories in DEFAULT mode.
2025-06-07T21:52:20.957-04:00  INFO 23920 --- [           main] .s.d.r.c.RepositoryConfigurationDelegate : Finished Spring Data repository scanning in 33 ms. Found 1 JPA repository interface.
2025-06-07T21:52:21.364-04:00  INFO 23920 --- [           main] o.hibernate.jpa.internal.util.LogHelper  : HHH000204: Processing PersistenceUnitInfo [name: default]
2025-06-07T21:52:21.412-04:00  INFO 23920 --- [           main] org.hibernate.Version                    : HHH000412: Hibernate ORM core version 6.6.11.Final
2025-06-07T21:52:21.440-04:00  INFO 23920 --- [           main] o.h.c.internal.RegionFactoryInitiator    : HHH000026: Second-level cache disabled
2025-06-07T21:52:21.709-04:00  INFO 23920 --- [           main] o.s.o.j.p.SpringPersistenceUnitInfo      : No LoadTimeWeaver setup: ignoring JPA class transformer
2025-06-07T21:52:21.735-04:00  INFO 23920 --- [           main] com.zaxxer.hikari.HikariDataSource       : HikariPool-1 - Starting...
2025-06-07T21:52:22.555-04:00  INFO 23920 --- [           main] com.zaxxer.hikari.pool.HikariPool        : HikariPool-1 - Added connection org.postgresql.jdbc.PgConnection@7de6549d
2025-06-07T21:52:22.557-04:00  INFO 23920 --- [           main] com.zaxxer.hikari.HikariDataSource       : HikariPool-1 - Start completed.
2025-06-07T21:52:22.632-04:00  WARN 23920 --- [           main] org.hibernate.orm.deprecation            : HHH90000025: PostgreSQLDialect does not need to be specified explicitly using 'hibernate.dialect' (remove the property setting and it will be selected by default)
2025-06-07T21:52:22.742-04:00  INFO 23920 --- [           main] org.hibernate.orm.connections.pooling    : HHH10001005: Database info:
	Database JDBC URL [Connecting through datasource 'HikariDataSource (HikariPool-1)']
	Database driver: undefined/unknown
	Database version: 15.8
	Autocommit mode: undefined/unknown
	Isolation level: undefined/unknown
	Minimum pool size: undefined/unknown
	Maximum pool size: undefined/unknown
2025-06-07T21:52:23.387-04:00  INFO 23920 --- [           main] o.h.e.t.j.p.i.JtaPlatformInitiator       : HHH000489: No JTA platform available (set 'hibernate.transaction.jta.platform' to enable JTA platform integration)
2025-06-07T21:52:23.635-04:00  INFO 23920 --- [           main] j.LocalContainerEntityManagerFactoryBean : Initialized JPA EntityManagerFactory for persistence unit 'default'
2025-06-07T21:52:23.904-04:00  WARN 23920 --- [           main] JpaBaseConfiguration$JpaWebConfiguration : spring.jpa.open-in-view is enabled by default. Therefore, database queries may be performed during view rendering. Explicitly configure spring.jpa.open-in-view to disable this warning
2025-06-07T21:52:23.931-04:00  WARN 23920 --- [           main] .s.s.UserDetailsServiceAutoConfiguration : 

Using generated security password: d2d1e6b6-356f-43ea-a368-c916c9deafa0

This generated password is for development use only. Your security configuration must be updated before running your application in production.

2025-06-07T21:52:23.943-04:00  INFO 23920 --- [           main] r$InitializeUserDetailsManagerConfigurer : Global AuthenticationManager configured with UserDetailsService bean with name inMemoryUserDetailsManager
2025-06-07T21:52:24.370-04:00  INFO 23920 --- [           main] c.pkm.Pokemon.PokemonApplicationTests    : Started PokemonApplicationTests in 4.143 seconds (process running for 4.913)
]]></system-out>
    <system-err><![CDATA[Mockito is currently self-attaching to enable the inline-mock-maker. This will no longer work in future releases of the JDK. Please add Mockito as an agent to your build what is described in Mockito's documentation: https://javadoc.io/doc/org.mockito/mockito-core/latest/org/mockito/Mockito.html#0.3
WARNING: A Java agent has been loaded dynamically (C:\Users\Patrik\.m2\repository\net\bytebuddy\byte-buddy-agent\1.15.11\byte-buddy-agent-1.15.11.jar)
WARNING: If a serviceability tool is in use, please run with -XX:+EnableDynamicAgentLoading to hide this warning
WARNING: If a serviceability tool is not in use, please run with -Djdk.instrument.traceUsage for more information
WARNING: Dynamic loading of agents will be disallowed by default in a future release
]]></system-err>
  </testcase>
</testsuite>